# JRE version: Java(TM) SE Runtime Environment (17.0.10+11) (build 17.0.10+11-LTS-240)
# Java VM: Java HotSpot(TM) 64-Bit Server VM (17.0.10+11-LTS-240, mixed mode, emulated-client, sharing, tiered, compressed oops, compressed class ptrs, g1 gc, windows-amd64)
GC Precious Log:
 CPUs: 20 total, 20 available
 Memory: 24260M
 Large Page Support: Disabled
 NUMA Support: Disabled
 Compressed Oops: Enabled (Zero based)
 Heap Region Size: 4M
 Heap Min Capacity: 8M
 Heap Initial Capacity: 380M
 Heap Max Capacity: 6068M
 Pre-touch: Disabled
 Parallel Workers: 15
 Concurrent Workers: 4
 Concurrent Refinement Workers: 15
 Periodic GC: Disabled
Heap:
 garbage-first heap   total 217088K, used 121434K [0x0000000684c00000, 0x0000000800000000)
  region size 4096K, 15 young (61440K), 3 survivors (12288K)
 Metaspace       used 91698K, committed 92352K, reserved 1179648K
  class space    used 13503K, committed 13824K, reserved 1048576K
GC Heap History (20 events):
Event: 6.439 GC heap before
{Heap before GC invocations=10 (full 0):
 garbage-first heap   total 110592K, used 79761K [0x0000000684c00000, 0x0000000800000000)
  region size 4096K, 15 young (61440K), 3 survivors (12288K)
 Metaspace       used 56188K, committed 56768K, reserved 1114112K
  class space    used 7935K, committed 8192K, reserved 1048576K
}
Event: 6.446 GC heap after
{Heap after GC invocations=11 (full 0):
 garbage-first heap   total 110592K, used 34604K [0x0000000684c00000, 0x0000000800000000)
  region size 4096K, 2 young (8192K), 2 survivors (8192K)
 Metaspace       used 56188K, committed 56768K, reserved 1114112K
  class space    used 7935K, committed 8192K, reserved 1048576K
}
Event: 6.665 GC heap before
{Heap before GC invocations=11 (full 0):
 garbage-first heap   total 110592K, used 42796K [0x0000000684c00000, 0x0000000800000000)
  region size 4096K, 6 young (24576K), 2 survivors (8192K)
 Metaspace       used 60214K, committed 60800K, reserved 1114112K
  class space    used 8598K, committed 8896K, reserved 1048576K
}
Event: 6.670 GC heap after
{Heap after GC invocations=12 (full 0):
 garbage-first heap   total 110592K, used 35148K [0x0000000684c00000, 0x0000000800000000)
  region size 4096K, 2 young (8192K), 2 survivors (8192K)
 Metaspace       used 60214K, committed 60800K, reserved 1114112K
  class space    used 8598K, committed 8896K, reserved 1048576K
}
Event: 7.214 GC heap before
{Heap before GC invocations=13 (full 0):
 garbage-first heap   total 110592K, used 80204K [0x0000000684c00000, 0x0000000800000000)
  region size 4096K, 13 young (53248K), 2 survivors (8192K)
 Metaspace       used 64148K, committed 64704K, reserved 1114112K
  class space    used 9225K, committed 9472K, reserved 1048576K
}
Event: 7.218 GC heap after
{Heap after GC invocations=14 (full 0):
 garbage-first heap   total 110592K, used 36118K [0x0000000684c00000, 0x0000000800000000)
  region size 4096K, 1 young (4096K), 1 survivors (4096K)
 Metaspace       used 64148K, committed 64704K, reserved 1114112K
  class space    used 9225K, committed 9472K, reserved 1048576K
}
Event: 8.681 GC heap before
{Heap before GC invocations=14 (full 0):
 garbage-first heap   total 110592K, used 81174K [0x0000000684c00000, 0x0000000800000000)
  region size 4096K, 12 young (49152K), 1 survivors (4096K)
 Metaspace       used 71142K, committed 71744K, reserved 1114112K
  class space    used 10229K, committed 10496K, reserved 1048576K
}
Event: 8.685 GC heap after
{Heap after GC invocations=15 (full 0):
 garbage-first heap   total 110592K, used 39160K [0x0000000684c00000, 0x0000000800000000)
  region size 4096K, 2 young (8192K), 2 survivors (8192K)
 Metaspace       used 71142K, committed 71744K, reserved 1114112K
  class space    used 10229K, committed 10496K, reserved 1048576K
}
Event: 8.893 GC heap before
{Heap before GC invocations=15 (full 0):
 garbage-first heap   total 110592K, used 80120K [0x0000000684c00000, 0x0000000800000000)
  region size 4096K, 12 young (49152K), 2 survivors (8192K)
 Metaspace       used 73348K, committed 73984K, reserved 1114112K
  class space    used 10714K, committed 11008K, reserved 1048576K
}
Event: 8.900 GC heap after
{Heap after GC invocations=16 (full 0):
 garbage-first heap   total 110592K, used 45814K [0x0000000684c00000, 0x0000000800000000)
  region size 4096K, 2 young (8192K), 2 survivors (8192K)
 Metaspace       used 73348K, committed 73984K, reserved 1114112K
  class space    used 10714K, committed 11008K, reserved 1048576K
}
Event: 8.964 GC heap before
{Heap before GC invocations=16 (full 0):
 garbage-first heap   total 110592K, used 78582K [0x0000000684c00000, 0x0000000800000000)
  region size 4096K, 10 young (40960K), 2 survivors (8192K)
 Metaspace       used 73348K, committed 73984K, reserved 1114112K
  class space    used 10714K, committed 11008K, reserved 1048576K
}
Event: 8.980 GC heap after
{Heap after GC invocations=17 (full 0):
 garbage-first heap   total 110592K, used 57132K [0x0000000684c00000, 0x0000000800000000)
  region size 4096K, 2 young (8192K), 2 survivors (8192K)
 Metaspace       used 73348K, committed 73984K, reserved 1114112K
  class space    used 10714K, committed 11008K, reserved 1048576K
}
Event: 9.042 GC heap before
{Heap before GC invocations=17 (full 0):
 garbage-first heap   total 110592K, used 81708K [0x0000000684c00000, 0x0000000800000000)
  region size 4096K, 8 young (32768K), 2 survivors (8192K)
 Metaspace       used 73354K, committed 73984K, reserved 1114112K
  class space    used 10716K, committed 11008K, reserved 1048576K
}
Event: 9.051 GC heap after
{Heap after GC invocations=18 (full 0):
 garbage-first heap   total 217088K, used 62564K [0x0000000684c00000, 0x0000000800000000)
  region size 4096K, 1 young (4096K), 1 survivors (4096K)
 Metaspace       used 73354K, committed 73984K, reserved 1114112K
  class space    used 10716K, committed 11008K, reserved 1048576K
}
Event: 9.300 GC heap before
{Heap before GC invocations=18 (full 0):
 garbage-first heap   total 217088K, used 136292K [0x0000000684c00000, 0x0000000800000000)
  region size 4096K, 19 young (77824K), 1 survivors (4096K)
 Metaspace       used 75291K, committed 75968K, reserved 1114112K
  class space    used 11147K, committed 11456K, reserved 1048576K
}
Event: 9.310 GC heap after
{Heap after GC invocations=19 (full 0):
 garbage-first heap   total 217088K, used 67521K [0x0000000684c00000, 0x0000000800000000)
  region size 4096K, 3 young (12288K), 3 survivors (12288K)
 Metaspace       used 75291K, committed 75968K, reserved 1114112K
  class space    used 11147K, committed 11456K, reserved 1048576K
}
Event: 9.733 GC heap before
{Heap before GC invocations=19 (full 0):
 garbage-first heap   total 217088K, used 141249K [0x0000000684c00000, 0x0000000800000000)
  region size 4096K, 21 young (86016K), 3 survivors (12288K)
 Metaspace       used 78075K, committed 78656K, reserved 1179648K
  class space    used 11576K, committed 11840K, reserved 1048576K
}
Event: 9.742 GC heap after
{Heap after GC invocations=20 (full 0):
 garbage-first heap   total 217088K, used 70579K [0x0000000684c00000, 0x0000000800000000)
  region size 4096K, 2 young (8192K), 2 survivors (8192K)
 Metaspace       used 78075K, committed 78656K, reserved 1179648K
  class space    used 11576K, committed 11840K, reserved 1048576K
}
Event: 12.082 GC heap before
{Heap before GC invocations=20 (full 0):
 garbage-first heap   total 217088K, used 148403K [0x0000000684c00000, 0x0000000800000000)
  region size 4096K, 21 young (86016K), 2 survivors (8192K)
 Metaspace       used 83658K, committed 84288K, reserved 1179648K
  class space    used 12373K, committed 12672K, reserved 1048576K
}
Event: 12.092 GC heap after
{Heap after GC invocations=21 (full 0):
 garbage-first heap   total 217088K, used 76378K [0x0000000684c00000, 0x0000000800000000)
  region size 4096K, 3 young (12288K), 3 survivors (12288K)
 Metaspace       used 83658K, committed 84288K, reserved 1179648K
  class space    used 12373K, committed 12672K, reserved 1048576K
}

